<?xml version="1.0" encoding="UTF-8"?>
<testsuite name="docker.hello.HelloApplicationTests" tests="1" skipped="0" failures="0" errors="0" timestamp="2021-08-30T14:46:55" hostname="DESKTOP-JBV74D6" time="0.783">
  <properties/>
  <testcase name="contextLoads()" classname="docker.hello.HelloApplicationTests" time="0.783"/>
  <system-out><![CDATA[23:46:45.558 [Test worker] DEBUG org.springframework.test.context.BootstrapUtils - Instantiating CacheAwareContextLoaderDelegate from class [org.springframework.test.context.cache.DefaultCacheAwareContextLoaderDelegate]
23:46:45.713 [Test worker] DEBUG org.springframework.test.context.BootstrapUtils - Instantiating BootstrapContext using constructor [public org.springframework.test.context.support.DefaultBootstrapContext(java.lang.Class,org.springframework.test.context.CacheAwareContextLoaderDelegate)]
23:46:46.161 [Test worker] DEBUG org.springframework.test.context.BootstrapUtils - Instantiating TestContextBootstrapper for test class [docker.hello.HelloApplicationTests] from class [org.springframework.boot.test.context.SpringBootTestContextBootstrapper]
23:46:46.464 [Test worker] INFO org.springframework.boot.test.context.SpringBootTestContextBootstrapper - Neither @ContextConfiguration nor @ContextHierarchy found for test class [docker.hello.HelloApplicationTests], using SpringBootContextLoader
23:46:46.535 [Test worker] DEBUG org.springframework.test.context.support.AbstractContextLoader - Did not detect default resource location for test class [docker.hello.HelloApplicationTests]: class path resource [docker/hello/HelloApplicationTests-context.xml] does not exist
23:46:46.538 [Test worker] DEBUG org.springframework.test.context.support.AbstractContextLoader - Did not detect default resource location for test class [docker.hello.HelloApplicationTests]: class path resource [docker/hello/HelloApplicationTestsContext.groovy] does not exist
23:46:46.539 [Test worker] INFO org.springframework.test.context.support.AbstractContextLoader - Could not detect default resource locations for test class [docker.hello.HelloApplicationTests]: no resource found for suffixes {-context.xml, Context.groovy}.
23:46:46.545 [Test worker] INFO org.springframework.test.context.support.AnnotationConfigContextLoaderUtils - Could not detect default configuration classes for test class [docker.hello.HelloApplicationTests]: HelloApplicationTests does not declare any static, non-private, non-final, nested classes annotated with @Configuration.
23:46:47.012 [Test worker] DEBUG org.springframework.test.context.support.ActiveProfilesUtils - Could not find an 'annotation declaring class' for annotation type [org.springframework.test.context.ActiveProfiles] and class [docker.hello.HelloApplicationTests]
23:46:47.547 [Test worker] DEBUG org.springframework.context.annotation.ClassPathScanningCandidateComponentProvider - Identified candidate component class: file [C:\Users\Windows\Desktop\hello\build\classes\java\main\docker\hello\HelloApplication.class]
23:46:47.556 [Test worker] INFO org.springframework.boot.test.context.SpringBootTestContextBootstrapper - Found @SpringBootConfiguration docker.hello.HelloApplication for test class docker.hello.HelloApplicationTests
23:46:47.823 [Test worker] DEBUG org.springframework.boot.test.context.SpringBootTestContextBootstrapper - @TestExecutionListeners is not present for class [docker.hello.HelloApplicationTests]: using defaults.
23:46:47.824 [Test worker] INFO org.springframework.boot.test.context.SpringBootTestContextBootstrapper - Loaded default TestExecutionListener class names from location [META-INF/spring.factories]: [org.springframework.boot.test.autoconfigure.restdocs.RestDocsTestExecutionListener, org.springframework.boot.test.autoconfigure.web.client.MockRestServiceServerResetTestExecutionListener, org.springframework.boot.test.autoconfigure.web.servlet.MockMvcPrintOnlyOnFailureTestExecutionListener, org.springframework.boot.test.autoconfigure.web.servlet.WebDriverTestExecutionListener, org.springframework.boot.test.autoconfigure.webservices.client.MockWebServiceServerTestExecutionListener, org.springframework.boot.test.mock.mockito.MockitoTestExecutionListener, org.springframework.boot.test.mock.mockito.ResetMocksTestExecutionListener, org.springframework.test.context.web.ServletTestExecutionListener, org.springframework.test.context.support.DirtiesContextBeforeModesTestExecutionListener, org.springframework.test.context.event.ApplicationEventsTestExecutionListener, org.springframework.test.context.support.DependencyInjectionTestExecutionListener, org.springframework.test.context.support.DirtiesContextTestExecutionListener, org.springframework.test.context.transaction.TransactionalTestExecutionListener, org.springframework.test.context.jdbc.SqlScriptsTestExecutionListener, org.springframework.test.context.event.EventPublishingTestExecutionListener]
23:46:47.863 [Test worker] DEBUG org.springframework.boot.test.context.SpringBootTestContextBootstrapper - Skipping candidate TestExecutionListener [org.springframework.test.context.transaction.TransactionalTestExecutionListener] due to a missing dependency. Specify custom listener classes or make the default listener classes and their required dependencies available. Offending class: [org/springframework/transaction/interceptor/TransactionAttributeSource]
23:46:47.865 [Test worker] DEBUG org.springframework.boot.test.context.SpringBootTestContextBootstrapper - Skipping candidate TestExecutionListener [org.springframework.test.context.jdbc.SqlScriptsTestExecutionListener] due to a missing dependency. Specify custom listener classes or make the default listener classes and their required dependencies available. Offending class: [org/springframework/transaction/interceptor/TransactionAttribute]
23:46:47.869 [Test worker] INFO org.springframework.boot.test.context.SpringBootTestContextBootstrapper - Using TestExecutionListeners: [org.springframework.test.context.web.ServletTestExecutionListener@7722c2d3, org.springframework.test.context.support.DirtiesContextBeforeModesTestExecutionListener@57010cbb, org.springframework.test.context.event.ApplicationEventsTestExecutionListener@3090dc49, org.springframework.boot.test.mock.mockito.MockitoTestExecutionListener@521ae827, org.springframework.boot.test.autoconfigure.SpringBootDependencyInjectionTestExecutionListener@334f9ced, org.springframework.test.context.support.DirtiesContextTestExecutionListener@6c743aeb, org.springframework.test.context.event.EventPublishingTestExecutionListener@5ab0c1b8, org.springframework.boot.test.autoconfigure.restdocs.RestDocsTestExecutionListener@5fee4119, org.springframework.boot.test.autoconfigure.web.client.MockRestServiceServerResetTestExecutionListener@108916fd, org.springframework.boot.test.autoconfigure.web.servlet.MockMvcPrintOnlyOnFailureTestExecutionListener@5d67c565, org.springframework.boot.test.autoconfigure.web.servlet.WebDriverTestExecutionListener@1066270, org.springframework.boot.test.autoconfigure.webservices.client.MockWebServiceServerTestExecutionListener@2ccd0dc0, org.springframework.boot.test.mock.mockito.ResetMocksTestExecutionListener@742bc85a]
23:46:47.879 [Test worker] DEBUG org.springframework.test.context.support.AbstractDirtiesContextTestExecutionListener - Before test class: context [DefaultTestContext@76c7d7ca testClass = HelloApplicationTests, testInstance = [null], testMethod = [null], testException = [null], mergedContextConfiguration = [WebMergedContextConfiguration@7be34db7 testClass = HelloApplicationTests, locations = '{}', classes = '{class docker.hello.HelloApplication}', contextInitializerClasses = '[]', activeProfiles = '{}', propertySourceLocations = '{}', propertySourceProperties = '{org.springframework.boot.test.context.SpringBootTestContextBootstrapper=true}', contextCustomizers = set[org.springframework.boot.test.autoconfigure.actuate.metrics.MetricsExportContextCustomizerFactory$DisableMetricExportContextCustomizer@48f7d318, org.springframework.boot.test.autoconfigure.properties.PropertyMappingContextCustomizer@0, org.springframework.boot.test.autoconfigure.web.servlet.WebDriverContextCustomizerFactory$Customizer@17465cb1, org.springframework.boot.test.context.filter.ExcludeFilterContextCustomizer@1d16afe5, org.springframework.boot.test.json.DuplicateJsonObjectContextCustomizerFactory$DuplicateJsonObjectContextCustomizer@2567213a, org.springframework.boot.test.mock.mockito.MockitoContextCustomizer@0, org.springframework.boot.test.web.client.TestRestTemplateContextCustomizer@4ab3c81c, org.springframework.boot.test.context.SpringBootTestArgs@1, org.springframework.boot.test.context.SpringBootTestWebEnvironment@186f9611], resourceBasePath = 'src/main/webapp', contextLoader = 'org.springframework.boot.test.context.SpringBootContextLoader', parent = [null]], attributes = map['org.springframework.test.context.web.ServletTestExecutionListener.activateListener' -> true]], class annotated with @DirtiesContext [false] with mode [null].
23:46:48.011 [Test worker] DEBUG org.springframework.test.context.support.TestPropertySourceUtils - Adding inlined properties to environment: {spring.jmx.enabled=false, org.springframework.boot.test.context.SpringBootTestContextBootstrapper=true}

  .   ____          _            __ _ _
 /\\ / ___'_ __ _ _(_)_ __  __ _ \ \ \ \
( ( )\___ | '_ | '_| | '_ \/ _` | \ \ \ \
 \\/  ___)| |_)| | | | | || (_| |  ) ) ) )
  '  |____| .__|_| |_|_| |_\__, | / / / /
 =========|_|==============|___/=/_/_/_/
 :: Spring Boot ::                (v2.5.4)

2021-08-30 23:46:48.691  INFO 1752 --- [    Test worker] docker.hello.HelloApplicationTests       : Starting HelloApplicationTests using Java 11.0.12 on DESKTOP-JBV74D6 with PID 1752 (started by Windows in C:\Users\Windows\Desktop\hello)
2021-08-30 23:46:48.696  INFO 1752 --- [    Test worker] docker.hello.HelloApplicationTests       : No active profile set, falling back to default profiles: default
2021-08-30 23:46:55.212  INFO 1752 --- [    Test worker] docker.hello.HelloApplicationTests       : Started HelloApplicationTests in 7.183 seconds (JVM running for 12.087)
]]></system-out>
  <system-err><![CDATA[]]></system-err>
</testsuite>
